INFO main com.yaolala.dobigthing.util.TestDBUtil - info...........
 DEBUG main com.yaolala.dobigthing.util.TestDBUtil - debug...........
 WARN main com.yaolala.dobigthing.util.TestDBUtil - warn...........
 ERROR main com.yaolala.dobigthing.util.TestDBUtil - error...........
 FATAL main com.yaolala.dobigthing.util.TestDBUtil - fatal...........
 INFO main com.yaolala.dobigthing.util.TestDBUtil - info...........
 DEBUG main com.yaolala.dobigthing.util.TestDBUtil - debug...........
 WARN main com.yaolala.dobigthing.util.TestDBUtil - warn...........
 ERROR main com.yaolala.dobigthing.util.TestDBUtil - error...........
 FATAL main com.yaolala.dobigthing.util.TestDBUtil - fatal...........
 INFO main com.yaolala.dobigthing.util.TestDBUtil - info...........
DEBUG main com.yaolala.dobigthing.util.TestDBUtil - debug...........
WARN main com.yaolala.dobigthing.util.TestDBUtil - warn...........
ERROR main com.yaolala.dobigthing.util.TestDBUtil - error...........
FATAL main com.yaolala.dobigthing.util.TestDBUtil - fatal...........
INFO main com.yaolala.dobigthing.util.TestDBUtil - info...........
DEBUG main com.yaolala.dobigthing.util.TestDBUtil - debug...........
WARN main com.yaolala.dobigthing.util.TestDBUtil - warn...........
ERROR main com.yaolala.dobigthing.util.TestDBUtil - error...........
FATAL main com.yaolala.dobigthing.util.TestDBUtil - fatal...........
INFO main com.yaolala.dobigthing.util.TestDBUtil - info...........
DEBUG main com.yaolala.dobigthing.util.TestDBUtil - debug...........
WARN main com.yaolala.dobigthing.util.TestDBUtil - warn...........
ERROR main com.yaolala.dobigthing.util.TestDBUtil - error...........
FATAL main com.yaolala.dobigthing.util.TestDBUtil - fatal...........
INFO main com.yaolala.dobigthing.util.TestDBUtil - info...........
DEBUG main com.yaolala.dobigthing.util.TestDBUtil - debug...........
WARN main com.yaolala.dobigthing.util.TestDBUtil - warn...........
ERROR main com.yaolala.dobigthing.util.TestDBUtil - error...........
FATAL main com.yaolala.dobigthing.util.TestDBUtil - fatal...........
INFO main com.yaolala.dobigthing.util.TestDBUtil - info...........
DEBUG main com.yaolala.dobigthing.util.TestDBUtil - debug...........
WARN main com.yaolala.dobigthing.util.TestDBUtil - warn...........
ERROR main com.yaolala.dobigthing.util.TestDBUtil - error...........
FATAL main com.yaolala.dobigthing.util.TestDBUtil - fatal...........
ERROR main com.yaolala.dobigthing.util.TestDBUtil - 失败
java.sql.SQLException: No database selected
	at com.mysql.jdbc.SQLError.createSQLException(SQLError.java:1055)
	at com.mysql.jdbc.SQLError.createSQLException(SQLError.java:956)
	at com.mysql.jdbc.MysqlIO.checkErrorPacket(MysqlIO.java:3491)
	at com.mysql.jdbc.MysqlIO.checkErrorPacket(MysqlIO.java:3423)
	at com.mysql.jdbc.MysqlIO.sendCommand(MysqlIO.java:1936)
	at com.mysql.jdbc.MysqlIO.sqlQueryDirect(MysqlIO.java:2060)
	at com.mysql.jdbc.ConnectionImpl.execSQL(ConnectionImpl.java:2542)
	at com.mysql.jdbc.PreparedStatement.executeInternal(PreparedStatement.java:1734)
	at com.mysql.jdbc.PreparedStatement.executeUpdate(PreparedStatement.java:2019)
	at com.mysql.jdbc.PreparedStatement.executeUpdate(PreparedStatement.java:1937)
	at com.mysql.jdbc.PreparedStatement.executeUpdate(PreparedStatement.java:1922)
	at com.yaolala.dobigthing.util.TestDBUtil.testGetConnection(TestDBUtil.java:38)
	at sun.reflect.NativeMethodAccessorImpl.invoke0(Native Method)
	at sun.reflect.NativeMethodAccessorImpl.invoke(NativeMethodAccessorImpl.java:62)
	at sun.reflect.DelegatingMethodAccessorImpl.invoke(DelegatingMethodAccessorImpl.java:43)
	at java.lang.reflect.Method.invoke(Method.java:497)
	at org.junit.runners.model.FrameworkMethod$1.runReflectiveCall(FrameworkMethod.java:50)
	at org.junit.internal.runners.model.ReflectiveCallable.run(ReflectiveCallable.java:12)
	at org.junit.runners.model.FrameworkMethod.invokeExplosively(FrameworkMethod.java:47)
	at org.junit.internal.runners.statements.InvokeMethod.evaluate(InvokeMethod.java:17)
	at org.junit.runners.ParentRunner.runLeaf(ParentRunner.java:325)
	at org.junit.runners.BlockJUnit4ClassRunner.runChild(BlockJUnit4ClassRunner.java:78)
	at org.junit.runners.BlockJUnit4ClassRunner.runChild(BlockJUnit4ClassRunner.java:57)
	at org.junit.runners.ParentRunner$3.run(ParentRunner.java:290)
	at org.junit.runners.ParentRunner$1.schedule(ParentRunner.java:71)
	at org.junit.runners.ParentRunner.runChildren(ParentRunner.java:288)
	at org.junit.runners.ParentRunner.access$000(ParentRunner.java:58)
	at org.junit.runners.ParentRunner$2.evaluate(ParentRunner.java:268)
	at org.junit.runners.ParentRunner.run(ParentRunner.java:363)
	at org.eclipse.jdt.internal.junit4.runner.JUnit4TestReference.run(JUnit4TestReference.java:86)
	at org.eclipse.jdt.internal.junit.runner.TestExecution.run(TestExecution.java:38)
	at org.eclipse.jdt.internal.junit.runner.RemoteTestRunner.runTests(RemoteTestRunner.java:459)
	at org.eclipse.jdt.internal.junit.runner.RemoteTestRunner.runTests(RemoteTestRunner.java:678)
	at org.eclipse.jdt.internal.junit.runner.RemoteTestRunner.run(RemoteTestRunner.java:382)
	at org.eclipse.jdt.internal.junit.runner.RemoteTestRunner.main(RemoteTestRunner.java:192)
INFO main com.yaolala.dobigthing.util.TestDBUtil - 插入成功！
